<?xml version="1.0" encoding="UTF-8"?>
<!-- Generated by org.testng.reporters.JUnitReportReporter -->
<testsuite skipped="1" hostname="LTB0206984-Mac.local" name="allureReports.Tests" tests="5" failures="0" timestamp="2020-02-03T00:03:53 IST" time="43.009" errors="0">
  <testcase name="logoPresence" time="13.001" classname="allureReports.Tests"/>
  <testcase name="loginTest" time="14.981" classname="allureReports.Tests"/>
  <testcase name="registrationTest" time="5.011" classname="allureReports.Tests">
    <skipped/>
  </testcase> <!-- registrationTest -->
  <testcase name="registration1Test" time="5.009" classname="allureReports.Tests"/>
  <testcase name="registration11Test" time="5.007" classname="allureReports.Tests"/>
</testsuite> <!-- allureReports.Tests -->
